<?xml version="1.0" encoding="UTF-8"?>
<!-- Generated by org.testng.reporters.JUnitReportReporter -->
<testsuite skipped="0" hostname="DESKTOP-QTN1F52" name="com.demo.test.Demo" tests="2" failures="0" timestamp="12 Oct 2020 18:41:11 GMT" time="3.198" errors="0">
  <testcase name="printHello" time="0.001" classname="com.demo.test.Demo"/>
  <testcase name="openURL" time="3.197" classname="com.demo.test.Demo"/>
</testsuite> <!-- com.demo.test.Demo -->
