<?xml version="1.0" encoding="UTF-8"?>
<!-- Generated by org.testng.reporters.JUnitReportReporter -->
<testsuite skipped="0" hostname="DESKTOP-QTN1F52" name="com.demo.test.Demo" tests="2" failures="0" timestamp="12 Oct 2020 18:50:06 GMT" time="2.846" errors="0">
  <testcase name="openURL" time="2.846" classname="com.demo.test.Demo"/>
  <testcase name="printHello" time="0.000" classname="com.demo.test.Demo"/>
</testsuite> <!-- com.demo.test.Demo -->
